<?xml version="1.0" encoding="UTF-8"?>
<robot generator="Robot 6.1.1 (Python 3.13.2 on win32)" generated="20251114 17:31:38.847" rpa="false" schemaversion="4">
<suite id="s1" name="Tests" source="C:\kurssit\ohjelmistotuotanto\ohtuvarasto2\osa3\login-robot\src\tests">
<suite id="s1-s1" name="Login" source="C:\kurssit\ohjelmistotuotanto\ohtuvarasto2\osa3\login-robot\src\tests\login.robot">
<test id="s1-s1-t1" name="Login With Correct Credentials" line="8">
<kw name="Create User And Input Login Command" type="SETUP">
<kw name="Create User" library="AppLibrary">
<arg>kalle</arg>
<arg>kalle123</arg>
<status status="PASS" starttime="20251114 17:31:38.931" endtime="20251114 17:31:38.931"/>
</kw>
<kw name="Input Login Command" library="resource">
<kw name="Input" library="AppLibrary">
<arg>login</arg>
<status status="PASS" starttime="20251114 17:31:38.932" endtime="20251114 17:31:38.932"/>
</kw>
<status status="PASS" starttime="20251114 17:31:38.931" endtime="20251114 17:31:38.932"/>
</kw>
<status status="PASS" starttime="20251114 17:31:38.930" endtime="20251114 17:31:38.932"/>
</kw>
<kw name="Input Credentials" library="resource">
<arg>kalle</arg>
<arg>kalle123</arg>
<kw name="Input" library="AppLibrary">
<arg>${username}</arg>
<status status="PASS" starttime="20251114 17:31:38.933" endtime="20251114 17:31:38.933"/>
</kw>
<kw name="Input" library="AppLibrary">
<arg>${password}</arg>
<status status="PASS" starttime="20251114 17:31:38.933" endtime="20251114 17:31:38.933"/>
</kw>
<kw name="Run Application" library="AppLibrary">
<status status="PASS" starttime="20251114 17:31:38.934" endtime="20251114 17:31:38.934"/>
</kw>
<status status="PASS" starttime="20251114 17:31:38.932" endtime="20251114 17:31:38.934"/>
</kw>
<kw name="Output Should Contain" library="AppLibrary">
<arg>Logged in</arg>
<status status="PASS" starttime="20251114 17:31:38.934" endtime="20251114 17:31:38.934"/>
</kw>
<status status="PASS" starttime="20251114 17:31:38.929" endtime="20251114 17:31:38.934"/>
</test>
<test id="s1-s1-t2" name="Login With Incorrect Password" line="12">
<kw name="Create User And Input Login Command" type="SETUP">
<kw name="Create User" library="AppLibrary">
<arg>kalle</arg>
<arg>kalle123</arg>
<status status="PASS" starttime="20251114 17:31:38.936" endtime="20251114 17:31:38.936"/>
</kw>
<kw name="Input Login Command" library="resource">
<kw name="Input" library="AppLibrary">
<arg>login</arg>
<status status="PASS" starttime="20251114 17:31:38.936" endtime="20251114 17:31:38.937"/>
</kw>
<status status="PASS" starttime="20251114 17:31:38.936" endtime="20251114 17:31:38.937"/>
</kw>
<status status="PASS" starttime="20251114 17:31:38.935" endtime="20251114 17:31:38.937"/>
</kw>
<kw name="Input Credentials" library="resource">
<arg>kalle</arg>
<arg>kalle222</arg>
<kw name="Input" library="AppLibrary">
<arg>${username}</arg>
<status status="PASS" starttime="20251114 17:31:38.937" endtime="20251114 17:31:38.938"/>
</kw>
<kw name="Input" library="AppLibrary">
<arg>${password}</arg>
<status status="PASS" starttime="20251114 17:31:38.938" endtime="20251114 17:31:38.938"/>
</kw>
<kw name="Run Application" library="AppLibrary">
<status status="PASS" starttime="20251114 17:31:38.938" endtime="20251114 17:31:38.938"/>
</kw>
<status status="PASS" starttime="20251114 17:31:38.937" endtime="20251114 17:31:38.938"/>
</kw>
<kw name="Output Should Contain" library="AppLibrary">
<arg>Invalid username or password</arg>
<status status="PASS" starttime="20251114 17:31:38.938" endtime="20251114 17:31:38.938"/>
</kw>
<status status="PASS" starttime="20251114 17:31:38.935" endtime="20251114 17:31:38.938"/>
</test>
<test id="s1-s1-t3" name="Login With NonExistent Username" line="16">
<kw name="Create User And Input Login Command" type="SETUP">
<kw name="Create User" library="AppLibrary">
<arg>kalle</arg>
<arg>kalle123</arg>
<status status="PASS" starttime="20251114 17:31:38.940" endtime="20251114 17:31:38.940"/>
</kw>
<kw name="Input Login Command" library="resource">
<kw name="Input" library="AppLibrary">
<arg>login</arg>
<status status="PASS" starttime="20251114 17:31:38.941" endtime="20251114 17:31:38.941"/>
</kw>
<status status="PASS" starttime="20251114 17:31:38.940" endtime="20251114 17:31:38.941"/>
</kw>
<status status="PASS" starttime="20251114 17:31:38.940" endtime="20251114 17:31:38.941"/>
</kw>
<kw name="Input Credentials" library="resource">
<arg>heikki</arg>
<arg>kalle123</arg>
<kw name="Input" library="AppLibrary">
<arg>${username}</arg>
<status status="PASS" starttime="20251114 17:31:38.941" endtime="20251114 17:31:38.941"/>
</kw>
<kw name="Input" library="AppLibrary">
<arg>${password}</arg>
<status status="PASS" starttime="20251114 17:31:38.941" endtime="20251114 17:31:38.942"/>
</kw>
<kw name="Run Application" library="AppLibrary">
<status status="PASS" starttime="20251114 17:31:38.942" endtime="20251114 17:31:38.942"/>
</kw>
<status status="PASS" starttime="20251114 17:31:38.941" endtime="20251114 17:31:38.942"/>
</kw>
<kw name="Output Should Contain" library="AppLibrary">
<arg>Invalid username or password</arg>
<status status="PASS" starttime="20251114 17:31:38.942" endtime="20251114 17:31:38.942"/>
</kw>
<status status="PASS" starttime="20251114 17:31:38.939" endtime="20251114 17:31:38.942"/>
</test>
<status status="PASS" starttime="20251114 17:31:38.912" endtime="20251114 17:31:38.943"/>
</suite>
<suite id="s1-s2" name="Register" source="C:\kurssit\ohjelmistotuotanto\ohtuvarasto2\osa3\login-robot\src\tests\register.robot">
<test id="s1-s2-t1" name="Register With Valid Username And Password" line="8">
<kw name="Create User And Input Login Command" type="SETUP">
<kw name="Create User">
<arg>karri salasana123</arg>
<msg timestamp="20251114 17:31:38.950" level="FAIL">No keyword with name 'Create User' found.</msg>
<status status="FAIL" starttime="20251114 17:31:38.950" endtime="20251114 17:31:38.950"/>
</kw>
<kw name="Input Login Command">
<status status="NOT RUN" starttime="20251114 17:31:38.953" endtime="20251114 17:31:38.953"/>
</kw>
<status status="FAIL" starttime="20251114 17:31:38.948" endtime="20251114 17:31:38.953"/>
</kw>
<status status="FAIL" starttime="20251114 17:31:38.947" endtime="20251114 17:31:38.953">Setup failed:
No keyword with name 'Create User' found.</status>
</test>
<status status="FAIL" starttime="20251114 17:31:38.944" endtime="20251114 17:31:38.953"/>
</suite>
<status status="FAIL" starttime="20251114 17:31:38.850" endtime="20251114 17:31:38.954"/>
</suite>
<statistics>
<total>
<stat pass="3" fail="1" skip="0">All Tests</stat>
</total>
<tag>
</tag>
<suite>
<stat pass="3" fail="1" skip="0" id="s1" name="Tests">Tests</stat>
<stat pass="3" fail="0" skip="0" id="s1-s1" name="Login">Tests.Login</stat>
<stat pass="0" fail="1" skip="0" id="s1-s2" name="Register">Tests.Register</stat>
</suite>
</statistics>
<errors>
<msg timestamp="20251114 17:31:38.840" level="ERROR">Error in file 'C:\kurssit\ohjelmistotuotanto\ohtuvarasto2\osa3\login-robot\src\tests\register.robot' on line 3: Non-existing setting 'Resource resource.robot'.</msg>
</errors>
</robot>
