<?xml version="1.0" encoding="UTF-8"?>
<robot generator="Robot 6.1.1 (Python 3.13.2 on win32)" generated="20251114 16:59:02.657" rpa="false" schemaversion="4">
<suite id="s1" name="Tests" source="C:\kurssit\ohjelmistotuotanto\ohtuvarasto2\osa3\login-robot\src\tests">
<suite id="s1-s1" name="Login" source="C:\kurssit\ohjelmistotuotanto\ohtuvarasto2\osa3\login-robot\src\tests\login.robot">
<test id="s1-s1-t1" name="Login With Correct Credentials" line="8">
<kw name="Create User And Input Login Command" type="SETUP">
<kw name="Create User" library="AppLibrary">
<arg>kalle</arg>
<arg>kalle123</arg>
<status status="PASS" starttime="20251114 16:59:02.684" endtime="20251114 16:59:02.684"/>
</kw>
<kw name="Input Login Command" library="resource">
<kw name="Input" library="AppLibrary">
<arg>login</arg>
<status status="PASS" starttime="20251114 16:59:02.684" endtime="20251114 16:59:02.684"/>
</kw>
<status status="PASS" starttime="20251114 16:59:02.684" endtime="20251114 16:59:02.684"/>
</kw>
<status status="PASS" starttime="20251114 16:59:02.684" endtime="20251114 16:59:02.684"/>
</kw>
<kw name="Input Credentials" library="resource">
<arg>kalle</arg>
<arg>kalle123</arg>
<kw name="Input" library="AppLibrary">
<arg>${username}</arg>
<status status="PASS" starttime="20251114 16:59:02.684" endtime="20251114 16:59:02.684"/>
</kw>
<kw name="Input" library="AppLibrary">
<arg>${password}</arg>
<status status="PASS" starttime="20251114 16:59:02.684" endtime="20251114 16:59:02.685"/>
</kw>
<kw name="Run Application" library="AppLibrary">
<status status="PASS" starttime="20251114 16:59:02.685" endtime="20251114 16:59:02.685"/>
</kw>
<status status="PASS" starttime="20251114 16:59:02.684" endtime="20251114 16:59:02.685"/>
</kw>
<kw name="Output Should Contain" library="AppLibrary">
<arg>Logged in</arg>
<status status="PASS" starttime="20251114 16:59:02.685" endtime="20251114 16:59:02.685"/>
</kw>
<status status="PASS" starttime="20251114 16:59:02.683" endtime="20251114 16:59:02.685"/>
</test>
<test id="s1-s1-t2" name="Login With Incorrect Password" line="12">
<kw name="Create User And Input Login Command" type="SETUP">
<kw name="Create User" library="AppLibrary">
<arg>kalle</arg>
<arg>kalle123</arg>
<status status="PASS" starttime="20251114 16:59:02.685" endtime="20251114 16:59:02.685"/>
</kw>
<kw name="Input Login Command" library="resource">
<kw name="Input" library="AppLibrary">
<arg>login</arg>
<status status="PASS" starttime="20251114 16:59:02.685" endtime="20251114 16:59:02.685"/>
</kw>
<status status="PASS" starttime="20251114 16:59:02.685" endtime="20251114 16:59:02.685"/>
</kw>
<status status="PASS" starttime="20251114 16:59:02.685" endtime="20251114 16:59:02.685"/>
</kw>
<kw name="Input Credentials" library="resource">
<arg>kalle</arg>
<arg>kalle222</arg>
<kw name="Input" library="AppLibrary">
<arg>${username}</arg>
<status status="PASS" starttime="20251114 16:59:02.686" endtime="20251114 16:59:02.686"/>
</kw>
<kw name="Input" library="AppLibrary">
<arg>${password}</arg>
<status status="PASS" starttime="20251114 16:59:02.686" endtime="20251114 16:59:02.686"/>
</kw>
<kw name="Run Application" library="AppLibrary">
<status status="PASS" starttime="20251114 16:59:02.686" endtime="20251114 16:59:02.686"/>
</kw>
<status status="PASS" starttime="20251114 16:59:02.686" endtime="20251114 16:59:02.686"/>
</kw>
<kw name="Output Should Contain" library="AppLibrary">
<arg>Invalid username or password</arg>
<status status="PASS" starttime="20251114 16:59:02.686" endtime="20251114 16:59:02.686"/>
</kw>
<status status="PASS" starttime="20251114 16:59:02.685" endtime="20251114 16:59:02.686"/>
</test>
<test id="s1-s1-t3" name="Login With NonExistent Username" line="16">
<kw name="Create User And Input Login Command" type="SETUP">
<kw name="Create User" library="AppLibrary">
<arg>kalle</arg>
<arg>kalle123</arg>
<status status="PASS" starttime="20251114 16:59:02.686" endtime="20251114 16:59:02.686"/>
</kw>
<kw name="Input Login Command" library="resource">
<kw name="Input" library="AppLibrary">
<arg>login</arg>
<status status="PASS" starttime="20251114 16:59:02.687" endtime="20251114 16:59:02.687"/>
</kw>
<status status="PASS" starttime="20251114 16:59:02.686" endtime="20251114 16:59:02.687"/>
</kw>
<status status="PASS" starttime="20251114 16:59:02.686" endtime="20251114 16:59:02.687"/>
</kw>
<kw name="Input Credentials" library="resource">
<arg>heikki</arg>
<arg>kalle123</arg>
<kw name="Input" library="AppLibrary">
<arg>${username}</arg>
<status status="PASS" starttime="20251114 16:59:02.687" endtime="20251114 16:59:02.687"/>
</kw>
<kw name="Input" library="AppLibrary">
<arg>${password}</arg>
<status status="PASS" starttime="20251114 16:59:02.687" endtime="20251114 16:59:02.687"/>
</kw>
<kw name="Run Application" library="AppLibrary">
<status status="PASS" starttime="20251114 16:59:02.687" endtime="20251114 16:59:02.687"/>
</kw>
<status status="PASS" starttime="20251114 16:59:02.687" endtime="20251114 16:59:02.687"/>
</kw>
<kw name="Output Should Contain" library="AppLibrary">
<arg>Invalid username or password</arg>
<status status="PASS" starttime="20251114 16:59:02.687" endtime="20251114 16:59:02.687"/>
</kw>
<status status="PASS" starttime="20251114 16:59:02.686" endtime="20251114 16:59:02.687"/>
</test>
<status status="PASS" starttime="20251114 16:59:02.677" endtime="20251114 16:59:02.687"/>
</suite>
<status status="PASS" starttime="20251114 16:59:02.658" endtime="20251114 16:59:02.688"/>
</suite>
<statistics>
<total>
<stat pass="3" fail="0" skip="0">All Tests</stat>
</total>
<tag>
</tag>
<suite>
<stat pass="3" fail="0" skip="0" id="s1" name="Tests">Tests</stat>
<stat pass="3" fail="0" skip="0" id="s1-s1" name="Login">Tests.Login</stat>
</suite>
</statistics>
<errors>
</errors>
</robot>
